<?xml version="1.0" encoding="UTF-8"?>
<!-- Generated by org.testng.reporters.JUnitReportReporter -->
<testsuite hostname="DESKTOP-K8U4OTN" failures="0" tests="1" name="Parallel.GeneralStore" time="38.497" errors="0" timestamp="2023-10-08T14:07:03 IST" skipped="0">
  <testcase classname="Parallel.GeneralStore" name="General" time="38.497"/>
</testsuite> <!-- Parallel.GeneralStore -->
