<?xml version="1.0" encoding="UTF-8"?>
<!-- Generated by org.testng.reporters.JUnitReportReporter -->
<testsuite hostname="DESKTOP-K8U4OTN" failures="0" tests="1" name="BrowserStack.MobileAppTesting" time="31.559" errors="0" timestamp="2023-09-28T13:07:20 IST" skipped="0">
  <testcase classname="BrowserStack.MobileAppTesting" name="apptesting" time="31.559"/>
</testsuite> <!-- BrowserStack.MobileAppTesting -->
