<?xml version="1.0" encoding="UTF-8"?>
<!-- Generated by org.testng.reporters.JUnitReportReporter -->
<testsuite hostname="DESKTOP-K8U4OTN" failures="0" tests="1" name="Parallel.Calculator" time="17.298" errors="0" timestamp="2023-10-08T14:08:28 IST" skipped="0">
  <testcase classname="Parallel.Calculator" name="calculator" time="17.298"/>
</testsuite> <!-- Parallel.Calculator -->
