<?xml version="1.0" encoding="UTF-8"?>
<!-- Generated by org.testng.reporters.JUnitReportReporter -->
<testsuite hostname="DESKTOP-K8U4OTN" failures="0" tests="1" name="BrowserStack.MobileBrowserTesting" time="29.777" errors="0" timestamp="2023-09-28T12:40:06 IST" skipped="0">
  <testcase classname="BrowserStack.MobileBrowserTesting" name="mobilebrowserTesting" time="29.777"/>
</testsuite> <!-- BrowserStack.MobileBrowserTesting -->
