<?xml version="1.0" encoding="UTF-8"?>
<!-- Generated by org.testng.reporters.JUnitReportReporter -->
<testsuite hostname="DESKTOP-K8U4OTN" failures="0" tests="1" name="com.ty.Appium.Practice.OpenBrowser" time="56.666" errors="0" timestamp="2023-10-01T17:46:51 IST" skipped="0">
  <testcase classname="com.ty.Appium.Practice.OpenBrowser" name="openBrowser" time="56.666"/>
</testsuite> <!-- com.ty.Appium.Practice.OpenBrowser -->
