<?xml version="1.0" encoding="UTF-8"?>
<!-- Generated by org.testng.reporters.JUnitReportReporter -->
<testsuite hostname="DESKTOP-K8U4OTN" failures="0" tests="1" name="com.ty.Appium.Practice.DriverMethods" time="52.745" errors="0" timestamp="2023-10-01T10:43:55 IST" skipped="0">
  <testcase classname="com.ty.Appium.Practice.DriverMethods" name="driverMethods" time="52.745"/>
</testsuite> <!-- com.ty.Appium.Practice.DriverMethods -->
