<?xml version="1.0" encoding="UTF-8"?>
<!-- Generated by org.testng.reporters.JUnitReportReporter -->
<testsuite hostname="DESKTOP-K8U4OTN" failures="0" tests="1" name="BrowserStack.WebBrowserTesting" time="9.471" errors="0" timestamp="2023-09-28T13:32:57 IST" skipped="0">
  <testcase classname="BrowserStack.WebBrowserTesting" name="BrowserTesting" time="9.471"/>
</testsuite> <!-- BrowserStack.WebBrowserTesting -->
