<?xml version="1.0" encoding="UTF-8"?>
<!-- Generated by org.testng.reporters.JUnitReportReporter -->
<testsuite hostname="DESKTOP-K8U4OTN" failures="0" tests="1" name="com.ty.Appium.Practice.ApplicationopswithoutCMD" time="28.501" errors="0" timestamp="2023-09-30T11:20:53 IST" skipped="0">
  <testcase classname="com.ty.Appium.Practice.ApplicationopswithoutCMD" name="withoutCMD" time="28.501"/>
</testsuite> <!-- com.ty.Appium.Practice.ApplicationopswithoutCMD -->
