<?xml version="1.0" encoding="UTF-8"?>
<!-- Generated by org.testng.reporters.JUnitReportReporter -->
<testsuite hostname="DESKTOP-K8U4OTN" failures="0" tests="1" name="Parallel.Apidemos" time="86.101" errors="0" timestamp="2023-10-01T13:16:19 IST" skipped="0">
  <testcase classname="Parallel.Apidemos" name="apiDemos" time="86.101"/>
</testsuite> <!-- Parallel.Apidemos -->
