<?xml version="1.0" encoding="UTF-8"?>
<!-- Generated by org.testng.reporters.JUnitReportReporter -->
<testsuite hostname="DESKTOP-K8U4OTN" failures="0" tests="1" name="com.ty.Appium.Practice.Opening" time="11.742" errors="0" timestamp="2023-09-21T16:23:35 IST" skipped="0">
  <testcase classname="com.ty.Appium.Practice.Opening" name="open" time="11.742"/>
  <system-out/>
</testsuite> <!-- com.ty.Appium.Practice.Opening -->
